0 info it worked if it ends with ok
1 verbose cli [ '/usr/bin/node',
1 verbose cli   '/usr/bin/npm',
1 verbose cli   'install',
1 verbose cli   '-g',
1 verbose cli   'generator-generator' ]
2 info using npm@1.4.23
3 info using node@v0.10.31
4 verbose node symlink /usr/bin/node
5 verbose cache add [ 'generator-generator', null ]
6 verbose cache add name=undefined spec="generator-generator" args=["generator-generator",null]
7 verbose parsed url { protocol: null,
7 verbose parsed url   slashes: null,
7 verbose parsed url   auth: null,
7 verbose parsed url   host: null,
7 verbose parsed url   port: null,
7 verbose parsed url   hostname: null,
7 verbose parsed url   hash: null,
7 verbose parsed url   search: null,
7 verbose parsed url   query: null,
7 verbose parsed url   pathname: 'generator-generator',
7 verbose parsed url   path: 'generator-generator',
7 verbose parsed url   href: 'generator-generator' }
8 silly lockFile 672ab713-generator-generator generator-generator
9 verbose lock generator-generator /home/serge/.npm/672ab713-generator-generator.lock
10 silly lockFile 672ab713-generator-generator generator-generator
11 silly lockFile 672ab713-generator-generator generator-generator
12 verbose addNamed [ 'generator-generator', '' ]
13 verbose addNamed [ null, '*' ]
14 silly lockFile cf4482ef-generator-generator generator-generator@
15 verbose lock generator-generator@ /home/serge/.npm/cf4482ef-generator-generator.lock
16 silly addNameRange { name: 'generator-generator', range: '*', hasData: false }
17 verbose request where is /generator-generator
18 verbose request registry https://registry.npmjs.org/
19 verbose request id bf4ff612d2a39d22
20 verbose url raw /generator-generator
21 verbose url resolving [ 'https://registry.npmjs.org/', './generator-generator' ]
22 verbose url resolved https://registry.npmjs.org/generator-generator
23 verbose request where is https://registry.npmjs.org/generator-generator
24 info trying registry request attempt 1 at 19:59:40
25 verbose etag "4JNF7TPMJ30CWTS2O17MFFSUM"
26 http GET https://registry.npmjs.org/generator-generator
27 http 304 https://registry.npmjs.org/generator-generator
28 silly registry.get cb [ 304,
28 silly registry.get   { date: 'Sun, 07 Sep 2014 16:59:39 GMT',
28 silly registry.get     server: 'Apache',
28 silly registry.get     via: '1.1 varnish',
28 silly registry.get     'last-modified': 'Sun, 07 Sep 2014 16:59:40 GMT',
28 silly registry.get     'cache-control': 'max-age=60',
28 silly registry.get     etag: '"4JNF7TPMJ30CWTS2O17MFFSUM"',
28 silly registry.get     'x-served-by': 'cache-fra1230-FRA',
28 silly registry.get     'x-cache': 'MISS',
28 silly registry.get     'x-cache-hits': '0',
28 silly registry.get     'x-timer': 'S1410109179.967798,VS0,VE525',
28 silly registry.get     vary: 'Accept',
28 silly registry.get     'content-length': '0',
28 silly registry.get     'keep-alive': 'timeout=10, max=50',
28 silly registry.get     connection: 'Keep-Alive' } ]
29 verbose etag https://registry.npmjs.org/generator-generator from cache
30 silly addNameRange number 2 { name: 'generator-generator', range: '*', hasData: true }
31 silly addNameRange versions [ 'generator-generator',
31 silly addNameRange   [ '0.1.0',
31 silly addNameRange     '0.1.1',
31 silly addNameRange     '0.2.0',
31 silly addNameRange     '0.2.1',
31 silly addNameRange     '0.2.2',
31 silly addNameRange     '0.3.0',
31 silly addNameRange     '0.4.0',
31 silly addNameRange     '0.4.1',
31 silly addNameRange     '0.4.2',
31 silly addNameRange     '0.4.3',
31 silly addNameRange     '0.4.4',
31 silly addNameRange     '0.5.0' ] ]
32 verbose addNamed [ 'generator-generator', '0.5.0' ]
33 verbose addNamed [ '0.5.0', '0.5.0' ]
34 silly lockFile 8c3fc334-generator-generator-0-5-0 generator-generator@0.5.0
35 verbose lock generator-generator@0.5.0 /home/serge/.npm/8c3fc334-generator-generator-0-5-0.lock
36 silly lockFile 8c3fc334-generator-generator-0-5-0 generator-generator@0.5.0
37 silly lockFile 8c3fc334-generator-generator-0-5-0 generator-generator@0.5.0
38 silly lockFile cf4482ef-generator-generator generator-generator@
39 silly lockFile cf4482ef-generator-generator generator-generator@
40 silly resolved [ { name: 'generator-generator',
40 silly resolved     version: '0.5.0',
40 silly resolved     description: 'Generator Generator for Yeoman',
40 silly resolved     keywords: [ 'yeoman-generator', 'generator', 'inception' ],
40 silly resolved     homepage: 'https://github.com/yeoman/generator-generator',
40 silly resolved     bugs: { url: 'https://github.com/yeoman/generator-generator/issues' },
40 silly resolved     author:
40 silly resolved      { name: 'Pascal Hartig',
40 silly resolved        email: 'phartig@rdrei.net',
40 silly resolved        url: 'http://yeoman.io' },
40 silly resolved     main: 'app/index.js',
40 silly resolved     repository:
40 silly resolved      { type: 'git',
40 silly resolved        url: 'https://github.com/yeoman/generator-generator.git' },
40 silly resolved     scripts: { test: 'mocha' },
40 silly resolved     dependencies:
40 silly resolved      { chalk: '^0.5.0',
40 silly resolved        github: '^0.2.1',
40 silly resolved        'npm-name': '^0.2.0',
40 silly resolved        superb: '^1.0.0',
40 silly resolved        'yeoman-generator': '^0.17.3',
40 silly resolved        yosay: '^0.3.0' },
40 silly resolved     devDependencies: { mocha: '^1.21.4', mockery: '^1.4.0' },
40 silly resolved     peerDependencies: { yo: '>=1.0.0' },
40 silly resolved     engines: { node: '>=0.10.0', npm: '>=1.2.10' },
40 silly resolved     licenses: [ [Object] ],
40 silly resolved     files: [ 'app', 'subgenerator' ],
40 silly resolved     _id: 'generator-generator@0.5.0',
40 silly resolved     _shasum: 'f9651720f2d2826fc585ab1289cdff202b69bcc4',
40 silly resolved     _from: 'generator-generator@',
40 silly resolved     _npmVersion: '1.4.9',
40 silly resolved     _npmUser: { name: 'sboudrias', email: 'admin@simonboudrias.com' },
40 silly resolved     maintainers: [ [Object], [Object], [Object], [Object], [Object], [Object] ],
40 silly resolved     dist:
40 silly resolved      { shasum: 'f9651720f2d2826fc585ab1289cdff202b69bcc4',
40 silly resolved        tarball: 'http://registry.npmjs.org/generator-generator/-/generator-generator-0.5.0.tgz' },
40 silly resolved     directories: {},
40 silly resolved     _resolved: 'https://registry.npmjs.org/generator-generator/-/generator-generator-0.5.0.tgz',
40 silly resolved     readme: 'ERROR: No README data found!' } ]
41 info install generator-generator@0.5.0 into /usr/lib
42 info installOne generator-generator@0.5.0
43 verbose lib/node_modules/generator-generator unbuild
44 verbose tar unpack /home/serge/.npm/generator-generator/0.5.0/package.tgz
45 silly lockFile aa6b368f-node-modules-generator-generator tar:///usr/lib/node_modules/generator-generator
46 verbose lock tar:///usr/lib/node_modules/generator-generator /home/serge/.npm/aa6b368f-node-modules-generator-generator.lock
47 silly lockFile e9bb1153-ator-generator-0-5-0-package-tgz tar:///home/serge/.npm/generator-generator/0.5.0/package.tgz
48 verbose lock tar:///home/serge/.npm/generator-generator/0.5.0/package.tgz /home/serge/.npm/e9bb1153-ator-generator-0-5-0-package-tgz.lock
49 silly gunzTarPerm modes [ '775', '664' ]
50 error Error: EACCES, mkdir '/usr/lib/node_modules/generator-generator'
50 error  { [Error: EACCES, mkdir '/usr/lib/node_modules/generator-generator']
50 error   errno: 3,
50 error   code: 'EACCES',
50 error   path: '/usr/lib/node_modules/generator-generator',
50 error   fstream_type: 'Directory',
50 error   fstream_path: '/usr/lib/node_modules/generator-generator',
50 error   fstream_class: 'DirWriter',
50 error   fstream_stack:
50 error    [ '/usr/lib/node_modules/npm/node_modules/fstream/lib/dir-writer.js:36:23',
50 error      '/usr/lib/node_modules/npm/node_modules/mkdirp/index.js:46:53',
50 error      'Object.oncomplete (fs.js:107:15)' ] }
51 error Please try running this command again as root/Administrator.
52 error System Linux 3.0.0-14-generic-pae
53 error command "/usr/bin/node" "/usr/bin/npm" "install" "-g" "generator-generator"
54 error cwd /home/serge/workspace/scaledrone-yo
55 error node -v v0.10.31
56 error npm -v 1.4.23
57 error path /usr/lib/node_modules/generator-generator
58 error fstream_path /usr/lib/node_modules/generator-generator
59 error fstream_type Directory
60 error fstream_class DirWriter
61 error code EACCES
62 error errno 3
63 error stack Error: EACCES, mkdir '/usr/lib/node_modules/generator-generator'
64 error fstream_stack /usr/lib/node_modules/npm/node_modules/fstream/lib/dir-writer.js:36:23
64 error fstream_stack /usr/lib/node_modules/npm/node_modules/mkdirp/index.js:46:53
64 error fstream_stack Object.oncomplete (fs.js:107:15)
65 verbose exit [ 3, true ]
